<?xml version="1.0" encoding="UTF-8"?>
<beans xmlns="http://www.springframework.org/schema/beans"
       xmlns:xsi="http://www.w3.org/2001/XMLSchema-instance"
       xsi:schemaLocation="http://www.springframework.org/schema/beans http://www.springframework.org/schema/beans/spring-beans.xsd">

    <import resource="classpath*:/applicationCommonContext.xml"/>
    <import resource="classpath*:/applicationWHPAdherenceContext.xml"/>
    <import resource="classpath*:/applicationPatientContext.xml"/>
    <import resource="classpath*:/applicationWHPReportingContext.xml"/>
    <import resource="classpath*:/applicationUserContext.xml"/>

</beans>