<?xml version="1.0" encoding="UTF-8"?>
<beans xmlns="http://www.springframework.org/schema/beans"
       xmlns:xsi="http://www.w3.org/2001/XMLSchema-instance"
       xmlns:mockito="http://www.mockito.org/spring/mockito"
       xmlns:context="http://www.springframework.org/schema/context"
       xsi:schemaLocation="http://www.springframework.org/schema/beans http://www.springframework.org/schema/beans/spring-beans-3.0.xsd
                           http://www.mockito.org/spring/mockito https://bitbucket.org/kubek2k/springockito/raw/tip/springockito/src/main/resources/spring/mockito.xsd http://www.springframework.org/schema/context http://www.springframework.org/schema/context/spring-context-3.1.xsd">

    <import resource="classpath*:applicationIVRContext.xml"/>
    <mockito:mock id="reportingPublisherService" class="org.motechproject.whp.reporting.service.ReportingPublisherService" />

    <context:component-scan base-package="org.motechproject.deliverytools" use-default-filters="false">
        <context:include-filter expression="org.springframework.stereotype.Controller" type="annotation"/>
    </context:component-scan>
</beans>
